<?xml version="1.0" encoding="UTF-8"?>
<!-- Generated by org.testng.reporters.JUnitReportReporter -->
<testsuite skipped="0" hostname="KirankumarKhamitkar" name="orangeHRM.TestCases.TC1_Login_PageTest" tests="1" failures="0" timestamp="16 Jun 2018 16:17:07 GMT" time="10.343" errors="0">
  <testcase name="Login_validLogin" time="10.343" classname="orangeHRM.TestCases.TC1_Login_PageTest"/>
</testsuite> <!-- orangeHRM.TestCases.TC1_Login_PageTest -->
