<?xml version="1.0" encoding="UTF-8"?>
<!-- Generated by org.testng.reporters.JUnitReportReporter -->
<testsuite skipped="0" hostname="KirankumarKhamitkar" name="orangeHRM.TestCases.TC4_Dashboard_PageTest" tests="3" failures="0" timestamp="16 Jun 2018 16:17:07 GMT" time="33.256" errors="0">
  <testcase name="Dashboard_AssignLeaveTest" time="11.176" classname="orangeHRM.TestCases.TC4_Dashboard_PageTest"/>
  <testcase name="Dashboard_LeaveListTest" time="11.135" classname="orangeHRM.TestCases.TC4_Dashboard_PageTest"/>
  <testcase name="Dashboard_TimesheetTest" time="10.945" classname="orangeHRM.TestCases.TC4_Dashboard_PageTest"/>
</testsuite> <!-- orangeHRM.TestCases.TC4_Dashboard_PageTest -->
