<?xml version="1.0" encoding="UTF-8"?>
<!-- Generated by org.testng.reporters.JUnitReportReporter -->
<testsuite skipped="0" hostname="KirankumarKhamitkar" name="orangeHRM.TestCases.TC6_Delete_UsersTest" tests="1" failures="0" timestamp="16 Jun 2018 16:11:36 GMT" time="24.515" errors="0">
  <testcase name="DeleteUser" time="24.515" classname="orangeHRM.TestCases.TC6_Delete_UsersTest"/>
</testsuite> <!-- orangeHRM.TestCases.TC6_Delete_UsersTest -->
