<?xml version="1.0" encoding="UTF-8"?>
<!-- Generated by org.testng.reporters.JUnitReportReporter -->
<testsuite skipped="0" hostname="KirankumarKhamitkar" name="orangeHRM.TestCases.TC2_Home_PageTest_CreateData" tests="1" failures="0" timestamp="16 Jun 2018 16:17:07 GMT" time="0.929" errors="0">
  <testcase name="HomePage_CreateTest" time="0.929" classname="orangeHRM.TestCases.TC2_Home_PageTest_CreateData"/>
</testsuite> <!-- orangeHRM.TestCases.TC2_Home_PageTest_CreateData -->
