<?xml version="1.0" encoding="UTF-8"?>
<!-- Generated by org.testng.reporters.JUnitReportReporter -->
<testsuite skipped="0" hostname="KirankumarKhamitkar" name="orangeHRM.TestCases.TC3_Home_PageTest" tests="2" failures="0" timestamp="16 Jun 2018 16:17:07 GMT" time="37.682" errors="0">
  <testcase name="HomePage_AdduserTest" time="21.891" classname="orangeHRM.TestCases.TC3_Home_PageTest"/>
  <testcase name="HomePage_SearchuserTest" time="15.791" classname="orangeHRM.TestCases.TC3_Home_PageTest"/>
</testsuite> <!-- orangeHRM.TestCases.TC3_Home_PageTest -->
