<?xml version="1.0" encoding="UTF-8"?>
<!-- Generated by org.testng.reporters.JUnitReportReporter -->
<testsuite skipped="0" hostname="KirankumarKhamitkar" name="orangeHRM.TestCases.TC5_Leave_PageTest" tests="1" failures="0" timestamp="16 Jun 2018 16:11:36 GMT" time="13.277" errors="0">
  <testcase name="LeavePage_AllTest" time="13.277" classname="orangeHRM.TestCases.TC5_Leave_PageTest"/>
</testsuite> <!-- orangeHRM.TestCases.TC5_Leave_PageTest -->
