<?xml version="1.0" encoding="UTF-8"?>
<!-- Generated by org.testng.reporters.JUnitReportReporter -->
<testsuite skipped="0" hostname="KirankumarKhamitkar" name="orangeHRM.TestCases.TC4_Dashboard_PageTest" tests="3" failures="0" timestamp="02 May 2018 17:47:27 GMT" time="56.595" errors="0">
  <testcase name="Dashboard_AssignLeaveTest" time="22.325" classname="orangeHRM.TestCases.TC4_Dashboard_PageTest"/>
  <testcase name="Dashboard_LeaveListTest" time="17.962" classname="orangeHRM.TestCases.TC4_Dashboard_PageTest"/>
  <testcase name="Dashboard_TimesheetTest" time="16.308" classname="orangeHRM.TestCases.TC4_Dashboard_PageTest"/>
</testsuite> <!-- orangeHRM.TestCases.TC4_Dashboard_PageTest -->
