<?xml version="1.0" encoding="UTF-8"?>
<!-- Generated by org.testng.reporters.JUnitReportReporter -->
<testsuite skipped="0" hostname="KirankumarKhamitkar" name="orangeHRM.TestCases.TC3_Leave_PageTest" tests="1" failures="0" timestamp="02 May 2018 02:20:10 GMT" time="28.912" errors="0">
  <testcase name="LeavePage_AllTest" time="28.912" classname="orangeHRM.TestCases.TC3_Leave_PageTest"/>
</testsuite> <!-- orangeHRM.TestCases.TC3_Leave_PageTest -->
