<?xml version="1.0" encoding="UTF-8"?>
<!-- Generated by org.testng.reporters.JUnitReportReporter -->
<testsuite skipped="0" hostname="KirankumarKhamitkar" name="orangeHRM.TestCases.TC2_Home_PageTest_CreateData" tests="1" failures="0" timestamp="14 May 2018 06:40:07 GMT" time="1.575" errors="0">
  <testcase name="HomePage_CreateTest" time="1.575" classname="orangeHRM.TestCases.TC2_Home_PageTest_CreateData"/>
</testsuite> <!-- orangeHRM.TestCases.TC2_Home_PageTest_CreateData -->
