<?xml version="1.0" encoding="UTF-8"?>
<!-- Generated by org.testng.reporters.JUnitReportReporter -->
<testsuite skipped="0" hostname="KirankumarKhamitkar" name="orangeHRM.TestCases.TC1_Login_PageTest" tests="1" failures="0" timestamp="02 May 2018 17:43:14 GMT" time="23.235" errors="0">
  <testcase name="Login_validLogin" time="23.235" classname="orangeHRM.TestCases.TC1_Login_PageTest"/>
</testsuite> <!-- orangeHRM.TestCases.TC1_Login_PageTest -->
