<?xml version="1.0" encoding="UTF-8"?>
<!-- Generated by org.testng.reporters.JUnitReportReporter -->
<testsuite skipped="0" hostname="KirankumarKhamitkar" name="orangeHRM.TestCases.TC3_Home_PageTest" tests="2" failures="0" timestamp="14 May 2018 06:42:21 GMT" time="43.119" errors="0">
  <testcase name="HomePage_AdduserTest" time="23.622" classname="orangeHRM.TestCases.TC3_Home_PageTest"/>
  <testcase name="HomePage_SearchuserTest" time="19.497" classname="orangeHRM.TestCases.TC3_Home_PageTest"/>
</testsuite> <!-- orangeHRM.TestCases.TC3_Home_PageTest -->
