<?xml version="1.0" encoding="UTF-8"?>
<!-- Generated by org.testng.reporters.JUnitReportReporter -->
<testsuite skipped="0" hostname="KirankumarKhamitkar" name="orangeHRM.TestCases.TC5_Leave_PageTest" tests="1" failures="0" timestamp="02 May 2018 17:48:00 GMT" time="22.904" errors="0">
  <testcase name="LeavePage_AllTest" time="22.904" classname="orangeHRM.TestCases.TC5_Leave_PageTest"/>
</testsuite> <!-- orangeHRM.TestCases.TC5_Leave_PageTest -->
