<?xml version="1.0" encoding="UTF-8"?>
<!-- Generated by org.testng.reporters.JUnitReportReporter -->
<testsuite skipped="0" hostname="KirankumarKhamitkar" name="orangeHRM.TestCases.TC6_Delete_UsersTest" tests="1" failures="0" timestamp="11 May 2018 03:42:31 GMT" time="26.398" errors="0">
  <testcase name="DeleteUser" time="26.398" classname="orangeHRM.TestCases.TC6_Delete_UsersTest"/>
</testsuite> <!-- orangeHRM.TestCases.TC6_Delete_UsersTest -->
