<?xml version="1.0" encoding="UTF-8"?>
<!-- Generated by org.testng.reporters.JUnitReportReporter -->
<testsuite skipped="1" hostname="KirankumarKhamitkar" name="orangeHRM.TestCases.TC2_Home_PageTest" tests="2" failures="0" timestamp="28 Apr 2018 02:56:47 GMT" time="19.495" errors="0">
  <testcase name="HomePage_SearchuserTest" time="19.495" classname="orangeHRM.TestCases.TC2_Home_PageTest"/>
  <testcase name="HomePage_AdduserTest" classname="orangeHRM.TestCases.TC2_Home_PageTest">
    <skipped/>
  </testcase> <!-- HomePage_AdduserTest -->
</testsuite> <!-- orangeHRM.TestCases.TC2_Home_PageTest -->
